<?xml version="1.0" encoding="UTF-8"?>
<!-- Generated by org.testng.reporters.JUnitXMLReporter -->
<testsuite ignored="0" hostname="DESKTOP-K0ONJ7J" failures="0" tests="9" name="ChromeTest" time="0.145" errors="0" timestamp="2025-02-27T14:42:06 IST">
  <testcase classname="com.saucedemo.qa.TestBase.BaseClass" name="@BeforeClass SetUp" time="0.02">
    <failure type="java.lang.IllegalArgumentException" message="key can&amp;apos;t be empty">
      <![CDATA[java.lang.IllegalArgumentException: key can't be empty
at java.base/java.lang.System.checkKey(System.java:1100)
at java.base/java.lang.System.getProperty(System.java:963)
at com.saucedemo.qa.TestBase.BaseClass.SetUp(BaseClass.java:49)
at java.base/java.util.ArrayList.forEach(ArrayList.java:1596)
... Removed 23 stack frames]]>
    </failure>
  </testcase> <!-- @BeforeClass SetUp -->
  <testcase classname="com.saucedemo.qa.TestBase.BaseClass" name="@AfterClass tearDown" time="0.0">
    <skipped/>
  </testcase> <!-- @AfterClass tearDown -->
  <testcase classname="com.saucedemo.qa.TestBase.BaseClass" name="@BeforeClass SetUp" time="0.001">
    <failure type="java.lang.IllegalArgumentException" message="key can&amp;apos;t be empty">
      <![CDATA[java.lang.IllegalArgumentException: key can't be empty
at java.base/java.lang.System.checkKey(System.java:1100)
at java.base/java.lang.System.getProperty(System.java:963)
at com.saucedemo.qa.TestBase.BaseClass.SetUp(BaseClass.java:49)
at java.base/java.util.ArrayList.forEach(ArrayList.java:1596)
... Removed 23 stack frames]]>
    </failure>
  </testcase> <!-- @BeforeClass SetUp -->
  <testcase classname="com.saucedemo.qa.TestBase.BaseClass" name="@AfterClass tearDown" time="0.0">
    <skipped/>
  </testcase> <!-- @AfterClass tearDown -->
  <testcase classname="com.saucedemo.qa.TestBase.BaseClass" name="@BeforeClass SetUp" time="0.001">
    <failure type="java.lang.IllegalArgumentException" message="key can&amp;apos;t be empty">
      <![CDATA[java.lang.IllegalArgumentException: key can't be empty
at java.base/java.lang.System.checkKey(System.java:1100)
at java.base/java.lang.System.getProperty(System.java:963)
at com.saucedemo.qa.TestBase.BaseClass.SetUp(BaseClass.java:49)
at java.base/java.util.ArrayList.forEach(ArrayList.java:1596)
... Removed 23 stack frames]]>
    </failure>
  </testcase> <!-- @BeforeClass SetUp -->
  <testcase classname="com.saucedemo.qa.TestBase.BaseClass" name="@AfterClass tearDown" time="0.0">
    <skipped/>
  </testcase> <!-- @AfterClass tearDown -->
  <testcase classname="com.sausedemo.qa.TestCases.LoginDDT_Test" name="ValidateLogin" time="0.0">
    <skipped/>
  </testcase> <!-- ValidateLogin -->
  <testcase classname="com.sausedemo.qa.TestCases.LoginDDT_Test" name="ValidateLogin" time="0.0">
    <skipped/>
  </testcase> <!-- ValidateLogin -->
  <testcase classname="com.sausedemo.qa.TestCases.LoginDDT_Test" name="ValidateLogin" time="0.001">
    <skipped/>
  </testcase> <!-- ValidateLogin -->
  <testcase classname="com.sausedemo.qa.TestCases.LoginDDT_Test" name="ValidateLogin" time="0.001">
    <skipped/>
  </testcase> <!-- ValidateLogin -->
  <testcase classname="com.sausedemo.qa.TestCases.LoginDDT_Test" name="ValidateLogin" time="0.0">
    <skipped/>
  </testcase> <!-- ValidateLogin -->
  <testcase classname="com.sausedemo.qa.TestCases.Login_Test" name="ValidateLogin" time="0.0">
    <skipped/>
  </testcase> <!-- ValidateLogin -->
  <testcase classname="com.sausedemo.qa.TestCases.Homepage_Products_Test" name="validateMenu" time="0.001">
    <skipped/>
  </testcase> <!-- validateMenu -->
  <testcase classname="com.sausedemo.qa.TestCases.Homepage_Products_Test" name="ValidateNorOfproducts" time="0.0">
    <skipped/>
  </testcase> <!-- ValidateNorOfproducts -->
  <testcase classname="com.sausedemo.qa.TestCases.Homepage_Products_Test" name="ValidateAddCart" time="0.001">
    <skipped/>
  </testcase> <!-- ValidateAddCart -->
</testsuite> <!-- ChromeTest -->
